#
# There is insufficient memory for the Java Runtime Environment to continue.
# Native memory allocation (mmap) failed to map 65536 bytes for Failed to commit metaspace.
# Possible reasons:
#   The system is out of physical RAM or swap space
#   The process is running with CompressedOops enabled, and the Java Heap may be blocking the growth of the native heap
# Possible solutions:
#   Reduce memory load on the system
#   Increase physical memory or swap space
#   Check if swap backing store is full
#   Decrease Java heap size (-Xmx/-Xms)
#   Decrease number of Java threads
#   Decrease Java thread stack sizes (-Xss)
#   Set larger code cache with -XX:ReservedCodeCacheSize=
#   JVM is running with Unscaled Compressed Oops mode in which the Java heap is
#     placed in the first 4GB address space. The Java Heap base address is the
#     maximum limit for the native heap growth. Please use -XX:HeapBaseMinAddress
#     to set the Java Heap base and to place the Java Heap above 4GB virtual address.
# This output file may be truncated or incomplete.
#
#  Out of Memory Error (virtualSpaceNode.cpp:110), pid=14788, tid=15256
#
# JRE version: OpenJDK Runtime Environment Temurin-17.0.10+7 (17.0.10+7) (build 17.0.10+7)
# Java VM: OpenJDK 64-Bit Server VM Temurin-17.0.10+7 (17.0.10+7, mixed mode, tiered, compressed oops, compressed class ptrs, parallel gc, windows-amd64)
# No core dump will be written. Minidumps are not enabled by default on client versions of Windows
#

---------------  S U M M A R Y ------------

Command Line: --add-modules=ALL-SYSTEM --add-opens=java.base/java.util=ALL-UNNAMED --add-opens=java.base/java.lang=ALL-UNNAMED --add-opens=java.base/sun.nio.fs=ALL-UNNAMED -Declipse.application=org.eclipse.jdt.ls.core.id1 -Dosgi.bundles.defaultStartLevel=4 -Declipse.product=org.eclipse.jdt.ls.core.product -Djava.import.generatesMetadataFilesAtProjectRoot=false -DDetectVMInstallationsJob.disabled=true -Dfile.encoding=utf8 -XX:+UseParallelGC -XX:GCTimeRatio=4 -XX:AdaptiveSizePolicyWeight=90 -Dsun.zip.disableMemoryMapping=true -Xmx1G -Xms100m -Xlog:disable -javaagent:c:\Users\simon\.vscode\extensions\redhat.java-1.30.0-win32-x64\lombok\lombok-1.18.32.jar -XX:+HeapDumpOnOutOfMemoryError -XX:HeapDumpPath=c:\Users\simon\AppData\Roaming\Code\User\workspaceStorage\3d9e6cdcef6d0f27c540bbb65f91aac9\redhat.java -Daether.dependencyCollector.impl=bf c:\Users\simon\.vscode\extensions\redhat.java-1.30.0-win32-x64\server\plugins\org.eclipse.equinox.launcher_1.6.800.v20240330-1250.jar -configuration c:\Users\simon\AppData\Roaming\Code\User\globalStorage\redhat.java\1.30.0\config_win -data c:\Users\simon\AppData\Roaming\Code\User\workspaceStorage\3d9e6cdcef6d0f27c540bbb65f91aac9\redhat.java\jdt_ws --pipe=\\.\pipe\lsp-8736504c9fc6c11ce6d4604ecc7d5f44-sock

Host: AMD Ryzen 5 1600 Six-Core Processor            , 12 cores, 15G,  Windows 10 , 64 bit Build 19041 (10.0.19041.3636)
Time: Sun May 19 21:04:41 2024 Hora oficial do Brasil elapsed time: 0.302180 seconds (0d 0h 0m 0s)

---------------  T H R E A D  ---------------

Current thread (0x000001dc9a460b60):  JavaThread "main" [_thread_in_vm, id=15256, stack(0x000000c283b00000,0x000000c283c00000)]

Stack: [0x000000c283b00000,0x000000c283c00000]
Native frames: (J=compiled Java code, j=interpreted, Vv=VM code, C=native code)
V  [jvm.dll+0x67d2c9]
V  [jvm.dll+0x834afa]
V  [jvm.dll+0x8365be]
V  [jvm.dll+0x836c23]
V  [jvm.dll+0x2477ff]
V  [jvm.dll+0x8307bb]
V  [jvm.dll+0x621d16]
V  [jvm.dll+0x1c183e]
V  [jvm.dll+0x624671]
V  [jvm.dll+0x6226b6]
V  [jvm.dll+0x23bd4f]
V  [jvm.dll+0x62c565]
V  [jvm.dll+0x1eb80b]
V  [jvm.dll+0x1ebd45]
V  [jvm.dll+0x1ec800]
V  [jvm.dll+0x1e1c01]
V  [jvm.dll+0x5427ce]
V  [jvm.dll+0x1f2647]
V  [jvm.dll+0x7adf9b]
V  [jvm.dll+0x7af36c]
V  [jvm.dll+0x7af6b8]
V  [jvm.dll+0x23face]
V  [jvm.dll+0x38260e]
C  0x000001dca464ae1b

The last pc belongs to new (printed below).
Java frames: (J=compiled Java code, j=interpreted, Vv=VM code)
j  java.util.regex.Pattern.matcher(Ljava/lang/CharSequence;)Ljava/util/regex/Matcher;+32 java.base@17.0.10
j  java.lang.String.replaceAll(Ljava/lang/String;Ljava/lang/String;)Ljava/lang/String;+5 java.base@17.0.10
j  lombok.launch.ShadowClassLoader.urlDecode(Ljava/lang/String;)Ljava/lang/String;+7
j  lombok.launch.ShadowClassLoader.<init>(Ljava/lang/ClassLoader;Ljava/lang/String;Ljava/lang/String;Ljava/util/List;Ljava/util/List;)V+393
j  lombok.launch.Main.getShadowClassLoader()Ljava/lang/ClassLoader;+37
j  lombok.launch.Agent.runLauncher(Ljava/lang/String;Ljava/lang/instrument/Instrumentation;Z)V+0
j  lombok.launch.Agent.premain(Ljava/lang/String;Ljava/lang/instrument/Instrumentation;)V+3
v  ~StubRoutines::call_stub
j  jdk.internal.reflect.NativeMethodAccessorImpl.invoke0(Ljava/lang/reflect/Method;Ljava/lang/Object;[Ljava/lang/Object;)Ljava/lang/Object;+0 java.base@17.0.10
j  jdk.internal.reflect.NativeMethodAccessorImpl.invoke(Ljava/lang/Object;[Ljava/lang/Object;)Ljava/lang/Object;+133 java.base@17.0.10
j  jdk.internal.reflect.DelegatingMethodAccessorImpl.invoke(Ljava/lang/Object;[Ljava/lang/Object;)Ljava/lang/Object;+6 java.base@17.0.10
j  java.lang.reflect.Method.invoke(Ljava/lang/Object;[Ljava/lang/Object;)Ljava/lang/Object;+59 java.base@17.0.10
j  sun.instrument.InstrumentationImpl.loadClassAndStartAgent(Ljava/lang/String;Ljava/lang/String;Ljava/lang/String;)V+166 java.instrument@17.0.10
j  sun.instrument.InstrumentationImpl.loadClassAndCallPremain(Ljava/lang/String;Ljava/lang/String;)V+6 java.instrument@17.0.10
v  ~StubRoutines::call_stub
new  187 new  [0x000001dca464ac80, 0x000001dca464aea0]  544 bytes
[MachCode]
  0x000001dca464ac80: 4883 ec08 | c5fa 1104 | 24eb 1f48 | 83ec 10c5 | fb11 0424 | eb14 4883 | ec10 4889 | 0424 48c7 
  0x000001dca464aca0: 4424 0800 | 0000 00eb | 0150 410f | b755 010f | cac1 ea10 | 488b 4de8 | 488b 4908 | 488b 4908 
  0x000001dca464acc0: 488b 4108 | 807c 1004 | 070f 85d6 | 0000 0066 | 8b54 d148 | 488b 4928 | 488b 4cd1 | 0851 80b9 
  0x000001dca464ace0: 3301 0000 | 040f 85b9 | 0000 008b | 5108 f7c2 | 0100 0000 | 0f85 aa00 | 0000 498b | 8708 0100 
  0x000001dca464ad00: 0048 8d1c | 1049 3b9f | 1801 0000 | 0f87 9200 | 0000 4989 | 9f08 0100 | 00e9 0000 | 0000 4883 
  0x000001dca464ad20: ea10 0f84 | 0f00 0000 | 33c9 c1ea | 0348 894c | d008 48ff | ca75 f648 | c700 0100 | 0000 5933 
  0x000001dca464ad40: f689 700c | 48c1 e903 | 8948 0849 | ba7a 3505 | d5fb 7f00 | 0041 803a | 000f 8440 | 0000 0050 
  0x000001dca464ad60: 488b c848 | 83ec 20f7 | c40f 0000 | 000f 841a | 0000 0048 | 83ec 0849 | ba20 30bb | d4fb 7f00 
  0x000001dca464ad80: 0041 ffd2 | 4883 c408 | e90d 0000 | 0049 ba20 | 30bb d4fb | 7f00 0041 | ffd2 4883 | c420 58e9 
  0x000001dca464ada0: cd00 0000 | 5948 8b55 | e848 8b52 | 0848 8b52 | 0845 0fb7 | 4501 410f | c841 c1e8 | 10e8 0500 
  0x000001dca464adc0: 0000 e9aa | 0000 0048 | 8d44 2408 | 4c89 6dc0 | 498b cfc5 | f877 4989 | afa8 0200 | 0049 8987 
  0x000001dca464ade0: 9802 0000 | 4883 ec20 | f7c4 0f00 | 0000 0f84 | 1a00 0000 | 4883 ec08 | 49ba c025 | 85d4 fb7f 
  0x000001dca464ae00: 0000 41ff | d248 83c4 | 08e9 0d00 | 0000 49ba | c025 85d4 | fb7f 0000 | 41ff d248 | 83c4 2049 
  0x000001dca464ae20: c787 9802 | 0000 0000 | 0000 49c7 | 87a8 0200 | 0000 0000 | 0049 c787 | a002 0000 | 0000 0000 
  0x000001dca464ae40: c5f8 7749 | 817f 0800 | 0000 000f | 8405 0000 | 00e9 aa60 | feff 498b | 87f0 0200 | 0049 c787 
  0x000001dca464ae60: f002 0000 | 0000 0000 | 4c8b 6dc0 | 4c8b 75c8 | c341 0fb6 | 5d03 4983 | c503 49ba | 90a1 07d5 
  0x000001dca464ae80: fb7f 0000 | 41ff 24da | 0000 0000 | 0000 0000 | 0000 0000 | 0000 0000 | 0000 0000 | 0000 0000 
[/MachCode]

---------------  P R O C E S S  ---------------

Threads class SMR info:
_java_thread_list=0x000001dcb3791270, length=11, elements={
0x000001dc9a460b60, 0x000001dcae2fc360, 0x000001dcae2fdb10, 0x000001dcb35ec570,
0x000001dcb35ed300, 0x000001dcb35ee090, 0x000001dcb35f1a80, 0x000001dcb35f2680,
0x000001dc9a51e730, 0x000001dcb3660090, 0x000001dcb36f79f0
}

Java Threads: ( => current thread )
=>0x000001dc9a460b60 JavaThread "main" [_thread_in_vm, id=15256, stack(0x000000c283b00000,0x000000c283c00000)]
  0x000001dcae2fc360 JavaThread "Reference Handler" daemon [_thread_blocked, id=8340, stack(0x000000c283e00000,0x000000c283f00000)]
  0x000001dcae2fdb10 JavaThread "Finalizer" daemon [_thread_blocked, id=13620, stack(0x000000c283f00000,0x000000c284000000)]
  0x000001dcb35ec570 JavaThread "Signal Dispatcher" daemon [_thread_blocked, id=15260, stack(0x000000c284000000,0x000000c284100000)]
  0x000001dcb35ed300 JavaThread "Attach Listener" daemon [_thread_blocked, id=13292, stack(0x000000c284100000,0x000000c284200000)]
  0x000001dcb35ee090 JavaThread "Service Thread" daemon [_thread_blocked, id=10628, stack(0x000000c284200000,0x000000c284300000)]
  0x000001dcb35f1a80 JavaThread "Monitor Deflation Thread" daemon [_thread_blocked, id=4980, stack(0x000000c284300000,0x000000c284400000)]
  0x000001dcb35f2680 JavaThread "C2 CompilerThread0" daemon [_thread_blocked, id=7160, stack(0x000000c284400000,0x000000c284500000)]
  0x000001dc9a51e730 JavaThread "C1 CompilerThread0" daemon [_thread_blocked, id=6308, stack(0x000000c284500000,0x000000c284600000)]
  0x000001dcb3660090 JavaThread "Sweeper thread" daemon [_thread_blocked, id=15268, stack(0x000000c284600000,0x000000c284700000)]
  0x000001dcb36f79f0 JavaThread "Common-Cleaner" daemon [_thread_blocked, id=13356, stack(0x000000c284700000,0x000000c284800000)]

Other Threads:
  0x000001dc9a517ac0 VMThread "VM Thread" [stack: 0x000000c283d00000,0x000000c283e00000] [id=3608]
  0x000001dc9a475f80 GCTaskThread "GC Thread#0" [stack: 0x000000c283c00000,0x000000c283d00000] [id=6140]

Threads with active compile tasks:

VM state: not at safepoint (normal execution)

VM Mutex/Monitor currently owned by a thread:  ([mutex/lock_event])
[0x000001dc9a45c060] Metaspace_lock - owner thread: 0x000001dc9a460b60

Heap address: 0x00000000c0000000, size: 1024 MB, Compressed Oops mode: 32-bit

CDS archive(s) not mapped
Compressed class space mapped at: 0x0000000100000000-0x0000000140000000, reserved size: 1073741824
Narrow klass base: 0x0000000000000000, Narrow klass shift: 3, Narrow klass range: 0x140000000

GC Precious Log:
 CPUs: 12 total, 12 available
 Memory: 16328M
 Large Page Support: Disabled
 NUMA Support: Disabled
 Compressed Oops: Enabled (32-bit)
 Alignments: Space 512K, Generation 512K, Heap 2M
 Heap Min Capacity: 100M
 Heap Initial Capacity: 100M
 Heap Max Capacity: 1G
 Pre-touch: Disabled
 Parallel Workers: 10

Heap:
 PSYoungGen      total 29696K, used 3085K [0x00000000eab00000, 0x00000000ecc00000, 0x0000000100000000)
  eden space 25600K, 12% used [0x00000000eab00000,0x00000000eae034a8,0x00000000ec400000)
  from space 4096K, 0% used [0x00000000ec800000,0x00000000ec800000,0x00000000ecc00000)
  to   space 4096K, 0% used [0x00000000ec400000,0x00000000ec400000,0x00000000ec800000)
 ParOldGen       total 68608K, used 0K [0x00000000c0000000, 0x00000000c4300000, 0x00000000eab00000)
  object space 68608K, 0% used [0x00000000c0000000,0x00000000c0000000,0x00000000c4300000)
 Metaspace       used 5700K, committed 5824K, reserved 1114112K
  class space    used 547K, committed 640K, reserved 1048576K

Card table byte_map: [0x000001dc99e30000,0x000001dc9a040000] _byte_map_base: 0x000001dc99830000

Marking Bits: (ParMarkBitMap*) 0x00007ffbd506d7d0
 Begin Bits: [0x000001dcac100000, 0x000001dcad100000)
 End Bits:   [0x000001dcad100000, 0x000001dcae100000)

Polling page: 0x000001dc99c20000

Metaspace:

Usage:
  Non-class:      5.03 MB used.
      Class:    547.09 KB used.
       Both:      5.57 MB used.

Virtual space:
  Non-class space:       64.00 MB reserved,       5.06 MB (  8%) committed,  1 nodes.
      Class space:        1.00 GB reserved,     640.00 KB ( <1%) committed,  1 nodes.
             Both:        1.06 GB reserved,       5.69 MB ( <1%) committed. 

Chunk freelists:
   Non-Class:  10.46 MB
       Class:  15.25 MB
        Both:  25.71 MB

MaxMetaspaceSize: unlimited
CompressedClassSpaceSize: 1.00 GB
Initial GC threshold: 21.00 MB
Current GC threshold: 21.00 MB
CDS: off
MetaspaceReclaimPolicy: balanced
 - commit_granule_bytes: 65536.
 - commit_granule_words: 8192.
 - virtual_space_node_default_size: 8388608.
 - enlarge_chunks_in_place: 1.
 - new_chunks_are_fully_committed: 0.
 - uncommit_free_chunks: 1.
 - use_allocation_guard: 0.
 - handle_deallocations: 1.


Internal statistics:

num_allocs_failed_limit: 0.
num_arena_births: 8.
num_arena_deaths: 0.
num_vsnodes_births: 2.
num_vsnodes_deaths: 0.
num_space_committed: 91.
num_space_uncommitted: 0.
num_chunks_returned_to_freelist: 0.
num_chunks_taken_from_freelist: 21.
num_chunk_merges: 0.
num_chunk_splits: 10.
num_chunks_enlarged: 6.
num_inconsistent_stats: 0.

CodeHeap 'non-profiled nmethods': size=120000Kb used=70Kb max_used=70Kb free=119930Kb
 bounds [0x000001dca4bd0000, 0x000001dca4e40000, 0x000001dcac100000]
CodeHeap 'profiled nmethods': size=120000Kb used=282Kb max_used=282Kb free=119717Kb
 bounds [0x000001dc9d100000, 0x000001dc9d370000, 0x000001dca4630000]
CodeHeap 'non-nmethods': size=5760Kb used=1094Kb max_used=1109Kb free=4665Kb
 bounds [0x000001dca4630000, 0x000001dca48a0000, 0x000001dca4bd0000]
 total_blobs=617 nmethods=245 adapters=287
 compilation: enabled
              stopped_count=0, restarted_count=0
 full_count=0

Compilation events (20 events):
Event: 0.293 Thread 0x000001dc9a51e730  229   !   3       jdk.internal.misc.ScopedMemoryAccess::getByteInternal (36 bytes)
Event: 0.293 Thread 0x000001dc9a51e730 nmethod 229 0x000001dc9d142c10 code [0x000001dc9d142dc0, 0x000001dc9d143028]
Event: 0.293 Thread 0x000001dc9a51e730  231   !   3       jdk.internal.misc.ScopedMemoryAccess::getByte (20 bytes)
Event: 0.294 Thread 0x000001dc9a51e730 nmethod 231 0x000001dc9d143190 code [0x000001dc9d143360, 0x000001dc9d143798]
Event: 0.294 Thread 0x000001dc9a51e730  233       3       jdk.internal.misc.Unsafe::putReferenceRelease (9 bytes)
Event: 0.294 Thread 0x000001dc9a51e730 nmethod 233 0x000001dc9d143990 code [0x000001dc9d143b20, 0x000001dc9d143c58]
Event: 0.294 Thread 0x000001dc9a51e730  236       3       jdk.internal.jimage.ImageStringsReader::unmaskedHashCode (166 bytes)
Event: 0.295 Thread 0x000001dc9a51e730 nmethod 236 0x000001dc9d143d10 code [0x000001dc9d143f60, 0x000001dc9d144b38]
Event: 0.295 Thread 0x000001dc9a51e730  235       3       java.util.concurrent.ConcurrentHashMap::setTabAt (20 bytes)
Event: 0.295 Thread 0x000001dc9a51e730 nmethod 235 0x000001dc9d145010 code [0x000001dc9d1451c0, 0x000001dc9d1453c8]
Event: 0.295 Thread 0x000001dc9a51e730  237       1       java.nio.Buffer::limit (5 bytes)
Event: 0.295 Thread 0x000001dc9a51e730 nmethod 237 0x000001dca4be0610 code [0x000001dca4be07a0, 0x000001dca4be0878]
Event: 0.296 Thread 0x000001dc9a51e730  238       3       java.lang.Class::getName (18 bytes)
Event: 0.296 Thread 0x000001dc9a51e730 nmethod 238 0x000001dc9d145490 code [0x000001dc9d145640, 0x000001dc9d1457c8]
Event: 0.297 Thread 0x000001dc9a51e730  240       3       java.util.Arrays::copyOf (19 bytes)
Event: 0.297 Thread 0x000001dc9a51e730 nmethod 240 0x000001dc9d145890 code [0x000001dc9d145a40, 0x000001dc9d145d28]
Event: 0.297 Thread 0x000001dc9a51e730  241       3       java.lang.invoke.MethodType::checkSlotCount (33 bytes)
Event: 0.297 Thread 0x000001dc9a51e730 nmethod 241 0x000001dc9d145e90 code [0x000001dc9d1460c0, 0x000001dc9d146758]
Event: 0.297 Thread 0x000001dc9a51e730  242       1       java.lang.invoke.MethodType$ConcurrentWeakInternSet$WeakEntry::hashCode (5 bytes)
Event: 0.297 Thread 0x000001dc9a51e730 nmethod 242 0x000001dca4be1510 code [0x000001dca4be16a0, 0x000001dca4be1778]

GC Heap History (0 events):
No events

Dll operation events (7 events):
Event: 0.010 Loaded shared library c:\Users\simon\.vscode\extensions\redhat.java-1.30.0-win32-x64\jre\17.0.10-win32-x86_64\bin\java.dll
Event: 0.232 Loaded shared library c:\Users\simon\.vscode\extensions\redhat.java-1.30.0-win32-x64\jre\17.0.10-win32-x86_64\bin\zip.dll
Event: 0.236 Loaded shared library C:\Users\simon\.vscode\extensions\redhat.java-1.30.0-win32-x64\jre\17.0.10-win32-x86_64\bin\instrument.dll
Event: 0.257 Loaded shared library C:\Users\simon\.vscode\extensions\redhat.java-1.30.0-win32-x64\jre\17.0.10-win32-x86_64\bin\net.dll
Event: 0.259 Loaded shared library C:\Users\simon\.vscode\extensions\redhat.java-1.30.0-win32-x64\jre\17.0.10-win32-x86_64\bin\nio.dll
Event: 0.268 Loaded shared library C:\Users\simon\.vscode\extensions\redhat.java-1.30.0-win32-x64\jre\17.0.10-win32-x86_64\bin\zip.dll
Event: 0.289 Loaded shared library C:\Users\simon\.vscode\extensions\redhat.java-1.30.0-win32-x64\jre\17.0.10-win32-x86_64\bin\jimage.dll

Deoptimization events (0 events):
No events

Classes unloaded (0 events):
No events

Classes redefined (0 events):
No events

Internal exceptions (1 events):
Event: 0.199 Thread 0x000001dc9a460b60 Exception <a 'java/lang/NoSuchMethodError'{0x00000000eacb4e00}: 'void java.lang.invoke.DirectMethodHandle$Holder.invokeStatic(java.lang.Object, java.lang.Object, java.lang.Object)'> (0x00000000eacb4e00) 
thrown [s\src\hotspot\share\interpreter\linkResolver.cpp, line 759]

VM Operations (2 events):
Event: 0.205 Executing VM operation: HandshakeAllThreads
Event: 0.205 Executing VM operation: HandshakeAllThreads done

Events (20 events):
Event: 0.296 loading class java/util/regex/Pattern$BmpCharPredicate done
Event: 0.297 loading class java/util/regex/Pattern$BmpCharProperty
Event: 0.297 loading class java/util/regex/Pattern$CharProperty
Event: 0.297 loading class java/util/regex/Pattern$CharProperty done
Event: 0.297 loading class java/util/regex/Pattern$BmpCharProperty done
Event: 0.297 loading class java/util/regex/Pattern$Slice
Event: 0.297 loading class java/util/regex/Pattern$SliceNode
Event: 0.298 loading class java/util/regex/Pattern$SliceNode done
Event: 0.298 loading class java/util/regex/Pattern$Slice done
Event: 0.298 loading class java/util/regex/Pattern$Begin
Event: 0.298 loading class java/util/regex/Pattern$Begin done
Event: 0.298 loading class java/util/regex/Pattern$First
Event: 0.298 loading class java/util/regex/Pattern$First done
Event: 0.298 loading class java/util/regex/Pattern$Start
Event: 0.298 loading class java/util/regex/Pattern$Start done
Event: 0.298 loading class java/util/regex/Pattern$TreeInfo
Event: 0.298 loading class java/util/regex/Pattern$TreeInfo done
Event: 0.298 loading class java/util/regex/Matcher
Event: 0.298 loading class java/util/regex/MatchResult
Event: 0.298 loading class java/util/regex/MatchResult done


Dynamic libraries:
0x00007ff619350000 - 0x00007ff61935e000 	c:\Users\simon\.vscode\extensions\redhat.java-1.30.0-win32-x64\jre\17.0.10-win32-x86_64\bin\java.exe
0x00007ffc4b730000 - 0x00007ffc4b928000 	C:\Windows\SYSTEM32\ntdll.dll
0x00007ffc4aa30000 - 0x00007ffc4aaed000 	C:\Windows\System32\KERNEL32.DLL
0x00007ffc48e10000 - 0x00007ffc49106000 	C:\Windows\System32\KERNELBASE.dll
0x00007ffc49110000 - 0x00007ffc49210000 	C:\Windows\System32\ucrtbase.dll
0x00007ffc2ba60000 - 0x00007ffc2ba77000 	c:\Users\simon\.vscode\extensions\redhat.java-1.30.0-win32-x64\jre\17.0.10-win32-x86_64\bin\jli.dll
0x00007ffc4b510000 - 0x00007ffc4b6af000 	C:\Windows\System32\USER32.dll
0x00007ffc48de0000 - 0x00007ffc48e02000 	C:\Windows\System32\win32u.dll
0x00007ffc2bac0000 - 0x00007ffc2badb000 	c:\Users\simon\.vscode\extensions\redhat.java-1.30.0-win32-x64\jre\17.0.10-win32-x86_64\bin\VCRUNTIME140.dll
0x00007ffc49e20000 - 0x00007ffc49e4b000 	C:\Windows\System32\GDI32.dll
0x00007ffc494a0000 - 0x00007ffc495b7000 	C:\Windows\System32\gdi32full.dll
0x00007ffc49610000 - 0x00007ffc496ad000 	C:\Windows\System32\msvcp_win.dll
0x00007ffc32b40000 - 0x00007ffc32dda000 	C:\Windows\WinSxS\amd64_microsoft.windows.common-controls_6595b64144ccf1df_6.0.19041.4355_none_60b8b9eb71f62e16\COMCTL32.dll
0x00007ffc49910000 - 0x00007ffc499ae000 	C:\Windows\System32\msvcrt.dll
0x00007ffc4b6b0000 - 0x00007ffc4b6e2000 	C:\Windows\System32\IMM32.DLL
0x00007ffc31340000 - 0x00007ffc3134c000 	c:\Users\simon\.vscode\extensions\redhat.java-1.30.0-win32-x64\jre\17.0.10-win32-x86_64\bin\vcruntime140_1.dll
0x00007ffbe7580000 - 0x00007ffbe760d000 	c:\Users\simon\.vscode\extensions\redhat.java-1.30.0-win32-x64\jre\17.0.10-win32-x86_64\bin\msvcp140.dll
0x00007ffbd44d0000 - 0x00007ffbd5132000 	c:\Users\simon\.vscode\extensions\redhat.java-1.30.0-win32-x64\jre\17.0.10-win32-x86_64\bin\server\jvm.dll
0x00007ffc49a10000 - 0x00007ffc49ac0000 	C:\Windows\System32\ADVAPI32.dll
0x00007ffc4b460000 - 0x00007ffc4b500000 	C:\Windows\System32\sechost.dll
0x00007ffc4a660000 - 0x00007ffc4a783000 	C:\Windows\System32\RPCRT4.dll
0x00007ffc49470000 - 0x00007ffc49497000 	C:\Windows\System32\bcrypt.dll
0x00007ffc48960000 - 0x00007ffc489ab000 	C:\Windows\SYSTEM32\POWRPROF.dll
0x00007ffc41d00000 - 0x00007ffc41d09000 	C:\Windows\SYSTEM32\WSOCK32.dll
0x00007ffc4a5e0000 - 0x00007ffc4a64b000 	C:\Windows\System32\WS2_32.dll
0x00007ffc423b0000 - 0x00007ffc423ba000 	C:\Windows\SYSTEM32\VERSION.dll
0x00007ffc3efb0000 - 0x00007ffc3efd7000 	C:\Windows\SYSTEM32\WINMM.dll
0x00007ffc48920000 - 0x00007ffc48932000 	C:\Windows\SYSTEM32\UMPDC.dll
0x00007ffc46c80000 - 0x00007ffc46c92000 	C:\Windows\SYSTEM32\kernel.appcore.dll
0x00007ffc2e2b0000 - 0x00007ffc2e2ba000 	c:\Users\simon\.vscode\extensions\redhat.java-1.30.0-win32-x64\jre\17.0.10-win32-x86_64\bin\jimage.dll
0x00007ffc42160000 - 0x00007ffc42344000 	C:\Windows\SYSTEM32\DBGHELP.DLL
0x00007ffc39510000 - 0x00007ffc39544000 	C:\Windows\SYSTEM32\dbgcore.DLL
0x00007ffc493e0000 - 0x00007ffc49462000 	C:\Windows\System32\bcryptPrimitives.dll
0x00007ffc2ddb0000 - 0x00007ffc2ddbe000 	c:\Users\simon\.vscode\extensions\redhat.java-1.30.0-win32-x64\jre\17.0.10-win32-x86_64\bin\instrument.dll
0x00007ffc28b70000 - 0x00007ffc28b95000 	c:\Users\simon\.vscode\extensions\redhat.java-1.30.0-win32-x64\jre\17.0.10-win32-x86_64\bin\java.dll
0x00007ffc2b4f0000 - 0x00007ffc2b508000 	c:\Users\simon\.vscode\extensions\redhat.java-1.30.0-win32-x64\jre\17.0.10-win32-x86_64\bin\zip.dll
0x00007ffc4aaf0000 - 0x00007ffc4b25b000 	C:\Windows\System32\SHELL32.dll
0x00007ffc46e80000 - 0x00007ffc4761d000 	C:\Windows\SYSTEM32\windows.storage.dll
0x00007ffc49ac0000 - 0x00007ffc49e13000 	C:\Windows\System32\combase.dll
0x00007ffc48790000 - 0x00007ffc487be000 	C:\Windows\SYSTEM32\Wldp.dll
0x00007ffc49f40000 - 0x00007ffc4a00d000 	C:\Windows\System32\OLEAUT32.dll
0x00007ffc4a8c0000 - 0x00007ffc4a96d000 	C:\Windows\System32\SHCORE.dll
0x00007ffc4a560000 - 0x00007ffc4a5b5000 	C:\Windows\System32\shlwapi.dll
0x00007ffc48d10000 - 0x00007ffc48d34000 	C:\Windows\SYSTEM32\profapi.dll
0x00007ffc2b0e0000 - 0x00007ffc2b0f9000 	C:\Users\simon\.vscode\extensions\redhat.java-1.30.0-win32-x64\jre\17.0.10-win32-x86_64\bin\net.dll
0x00007ffc3f2d0000 - 0x00007ffc3f3da000 	C:\Windows\SYSTEM32\WINHTTP.dll
0x00007ffc48490000 - 0x00007ffc484fa000 	C:\Windows\system32\mswsock.dll
0x00007ffc293f0000 - 0x00007ffc29406000 	C:\Users\simon\.vscode\extensions\redhat.java-1.30.0-win32-x64\jre\17.0.10-win32-x86_64\bin\nio.dll

dbghelp: loaded successfully - version: 4.0.5 - missing functions: none
symbol engine: initialized successfully - sym options: 0x614 - pdb path: .;c:\Users\simon\.vscode\extensions\redhat.java-1.30.0-win32-x64\jre\17.0.10-win32-x86_64\bin;C:\Windows\SYSTEM32;C:\Windows\WinSxS\amd64_microsoft.windows.common-controls_6595b64144ccf1df_6.0.19041.4355_none_60b8b9eb71f62e16;c:\Users\simon\.vscode\extensions\redhat.java-1.30.0-win32-x64\jre\17.0.10-win32-x86_64\bin\server

VM Arguments:
jvm_args: --add-modules=ALL-SYSTEM --add-opens=java.base/java.util=ALL-UNNAMED --add-opens=java.base/java.lang=ALL-UNNAMED --add-opens=java.base/sun.nio.fs=ALL-UNNAMED -Declipse.application=org.eclipse.jdt.ls.core.id1 -Dosgi.bundles.defaultStartLevel=4 -Declipse.product=org.eclipse.jdt.ls.core.product -Djava.import.generatesMetadataFilesAtProjectRoot=false -DDetectVMInstallationsJob.disabled=true -Dfile.encoding=utf8 -XX:+UseParallelGC -XX:GCTimeRatio=4 -XX:AdaptiveSizePolicyWeight=90 -Dsun.zip.disableMemoryMapping=true -Xmx1G -Xms100m -Xlog:disable -javaagent:c:\Users\simon\.vscode\extensions\redhat.java-1.30.0-win32-x64\lombok\lombok-1.18.32.jar -XX:+HeapDumpOnOutOfMemoryError -XX:HeapDumpPath=c:\Users\simon\AppData\Roaming\Code\User\workspaceStorage\3d9e6cdcef6d0f27c540bbb65f91aac9\redhat.java -Daether.dependencyCollector.impl=bf 
java_command: c:\Users\simon\.vscode\extensions\redhat.java-1.30.0-win32-x64\server\plugins\org.eclipse.equinox.launcher_1.6.800.v20240330-1250.jar -configuration c:\Users\simon\AppData\Roaming\Code\User\globalStorage\redhat.java\1.30.0\config_win -data c:\Users\simon\AppData\Roaming\Code\User\workspaceStorage\3d9e6cdcef6d0f27c540bbb65f91aac9\redhat.java\jdt_ws --pipe=\\.\pipe\lsp-8736504c9fc6c11ce6d4604ecc7d5f44-sock
java_class_path (initial): c:\Users\simon\.vscode\extensions\redhat.java-1.30.0-win32-x64\server\plugins\org.eclipse.equinox.launcher_1.6.800.v20240330-1250.jar
Launcher Type: SUN_STANDARD

[Global flags]
    uintx AdaptiveSizePolicyWeight                 = 90                                        {product} {command line}
     intx CICompilerCount                          = 4                                         {product} {ergonomic}
    uintx GCTimeRatio                              = 4                                         {product} {command line}
     bool HeapDumpOnOutOfMemoryError               = true                                   {manageable} {command line}
    ccstr HeapDumpPath                             = c:\Users\simon\AppData\Roaming\Code\User\workspaceStorage\3d9e6cdcef6d0f27c540bbb65f91aac9\redhat.java         {manageable} {command line}
   size_t InitialHeapSize                          = 104857600                                 {product} {command line}
   size_t MaxHeapSize                              = 1073741824                                {product} {command line}
   size_t MaxNewSize                               = 357564416                                 {product} {ergonomic}
   size_t MinHeapDeltaBytes                        = 524288                                    {product} {ergonomic}
   size_t MinHeapSize                              = 104857600                                 {product} {command line}
   size_t NewSize                                  = 34603008                                  {product} {ergonomic}
    uintx NonNMethodCodeHeapSize                   = 5839372                                {pd product} {ergonomic}
    uintx NonProfiledCodeHeapSize                  = 122909434                              {pd product} {ergonomic}
   size_t OldSize                                  = 70254592                                  {product} {ergonomic}
    uintx ProfiledCodeHeapSize                     = 122909434                              {pd product} {ergonomic}
    uintx ReservedCodeCacheSize                    = 251658240                              {pd product} {ergonomic}
     bool SegmentedCodeCache                       = true                                      {product} {ergonomic}
   size_t SoftMaxHeapSize                          = 1073741824                             {manageable} {ergonomic}
     bool UseCompressedClassPointers               = true                           {product lp64_product} {ergonomic}
     bool UseCompressedOops                        = true                           {product lp64_product} {ergonomic}
     bool UseLargePagesIndividualAllocation        = false                                  {pd product} {ergonomic}
     bool UseParallelGC                            = true                                      {product} {command line}

Logging:
Log output configuration:
 #0: stdout all=off uptime,level,tags
 #1: stderr all=off uptime,level,tags

Environment Variables:
PATH=C:\Program Files\Common Files\Oracle\Java\javapath;C:\Program Files (x86)\Common Files\Oracle\Java\javapath;C:\Windows\system32;C:\Windows;C:\Windows\System32\Wbem;C:\Windows\System32\WindowsPowerShell\v1.0\;C:\Windows\System32\OpenSSH\;C:\Program Files\dotnet\;C:\Program Files\Java\jdk-21\bin;C:\Users\simon\AppData\Local\Microsoft\WindowsApps;C:\Users\simon\AppData\Local\Programs\Microsoft VS Code\bin
USERNAME=simon
OS=Windows_NT
PROCESSOR_IDENTIFIER=AMD64 Family 23 Model 1 Stepping 1, AuthenticAMD
TMP=C:\Users\simon\AppData\Local\Temp
TEMP=C:\Users\simon\AppData\Local\Temp



Periodic native trim disabled


---------------  S Y S T E M  ---------------

OS:
 Windows 10 , 64 bit Build 19041 (10.0.19041.3636)
OS uptime: 0 days 8:26 hours

CPU: total 12 (initial active 12) (12 cores per cpu, 2 threads per core) family 23 model 1 stepping 1 microcode 0x0, cx8, cmov, fxsr, ht, mmx, 3dnowpref, sse, sse2, sse3, ssse3, sse4a, sse4.1, sse4.2, popcnt, lzcnt, tsc, tscinvbit, avx, avx2, aes, clmul, bmi1, bmi2, adx, sha, fma, vzeroupper, clflush, clflushopt
Processor Information for all 12 processors :
  Max Mhz: 3200, Current Mhz: 3200, Mhz Limit: 3200

Memory: 4k page, system-wide physical 16328M (7267M free)
TotalPageFile size 31511M (AvailPageFile size 5M)
current process WorkingSet (physical memory assigned to process): 33M, peak: 33M
current process commit charge ("private bytes"): 191M, peak: 192M

vm_info: OpenJDK 64-Bit Server VM (17.0.10+7) for windows-amd64 JRE (17.0.10+7), built on Jan 16 2024 23:25:11 by "admin" with MS VC++ 16.10 / 16.11 (VS2019)

END.
