#
# There is insufficient memory for the Java Runtime Environment to continue.
# Native memory allocation (malloc) failed to allocate 505664 bytes for Chunk::new
# Possible reasons:
#   The system is out of physical RAM or swap space
#   The process is running with CompressedOops enabled, and the Java Heap may be blocking the growth of the native heap
# Possible solutions:
#   Reduce memory load on the system
#   Increase physical memory or swap space
#   Check if swap backing store is full
#   Decrease Java heap size (-Xmx/-Xms)
#   Decrease number of Java threads
#   Decrease Java thread stack sizes (-Xss)
#   Set larger code cache with -XX:ReservedCodeCacheSize=
#   JVM is running with Unscaled Compressed Oops mode in which the Java heap is
#     placed in the first 4GB address space. The Java Heap base address is the
#     maximum limit for the native heap growth. Please use -XX:HeapBaseMinAddress
#     to set the Java Heap base and to place the Java Heap above 4GB virtual address.
# This output file may be truncated or incomplete.
#
#  Out of Memory Error (arena.cpp:191), pid=9492, tid=8952
#
# JRE version: OpenJDK Runtime Environment Temurin-17.0.10+7 (17.0.10+7) (build 17.0.10+7)
# Java VM: OpenJDK 64-Bit Server VM Temurin-17.0.10+7 (17.0.10+7, mixed mode, tiered, compressed oops, compressed class ptrs, parallel gc, windows-amd64)
# No core dump will be written. Minidumps are not enabled by default on client versions of Windows
#

---------------  S U M M A R Y ------------

Command Line: --add-modules=ALL-SYSTEM --add-opens=java.base/java.util=ALL-UNNAMED --add-opens=java.base/java.lang=ALL-UNNAMED --add-opens=java.base/sun.nio.fs=ALL-UNNAMED -Declipse.application=org.eclipse.jdt.ls.core.id1 -Dosgi.bundles.defaultStartLevel=4 -Declipse.product=org.eclipse.jdt.ls.core.product -Djava.import.generatesMetadataFilesAtProjectRoot=false -DDetectVMInstallationsJob.disabled=true -Dfile.encoding=utf8 -XX:+UseParallelGC -XX:GCTimeRatio=4 -XX:AdaptiveSizePolicyWeight=90 -Dsun.zip.disableMemoryMapping=true -Xmx1G -Xms100m -Xlog:disable -javaagent:c:\Users\simon\.vscode\extensions\redhat.java-1.30.0-win32-x64\lombok\lombok-1.18.32.jar c:\Users\simon\.vscode\extensions\redhat.java-1.30.0-win32-x64\server\plugins\org.eclipse.equinox.launcher_1.6.800.v20240330-1250.jar -configuration c:\Users\simon\AppData\Roaming\Code\User\globalStorage\redhat.java\1.30.0\config_ss_win -data c:\Users\simon\AppData\Roaming\Code\User\workspaceStorage\3d9e6cdcef6d0f27c540bbb65f91aac9\redhat.java\ss_ws --pipe=\\.\pipe\lsp-e09f3574d6ac2f5428fba4cdf192c828-sock

Host: AMD Ryzen 5 1600 Six-Core Processor            , 12 cores, 15G,  Windows 10 , 64 bit Build 19041 (10.0.19041.3636)
Time: Sun May 19 21:04:41 2024 Hora oficial do Brasil elapsed time: 0.745294 seconds (0d 0h 0m 0s)

---------------  T H R E A D  ---------------

Current thread (0x0000013e931577d0):  JavaThread "C2 CompilerThread2" daemon [_thread_in_native, id=8952, stack(0x000000250aa00000,0x000000250ab00000)]


Current CompileTask:
C2:    745  703   !   4       java.util.jar.Attributes::read (498 bytes)

Stack: [0x000000250aa00000,0x000000250ab00000]
Native frames: (J=compiled Java code, j=interpreted, Vv=VM code, C=native code)
V  [jvm.dll+0x67d2c9]
V  [jvm.dll+0x834afa]
V  [jvm.dll+0x8365be]
V  [jvm.dll+0x836c23]
V  [jvm.dll+0x2477ff]
V  [jvm.dll+0xac514]
V  [jvm.dll+0xacb5c]
V  [jvm.dll+0x3667d7]
V  [jvm.dll+0x330bfa]
V  [jvm.dll+0x33009a]
V  [jvm.dll+0x219ef1]
V  [jvm.dll+0x219311]
V  [jvm.dll+0x1a502d]
V  [jvm.dll+0x2290de]
V  [jvm.dll+0x2272ac]
V  [jvm.dll+0x7e9bb7]
V  [jvm.dll+0x7e3fba]
V  [jvm.dll+0x67c1b5]
C  [ucrtbase.dll+0x21bb2]
C  [KERNEL32.DLL+0x17344]
C  [ntdll.dll+0x526b1]


---------------  P R O C E S S  ---------------

Threads class SMR info:
_java_thread_list=0x0000013e93317ff0, length=14, elements={
0x0000013ef856eb40, 0x0000013ef862c2d0, 0x0000013efe6b6140, 0x0000013efd40a1d0,
0x0000013efd40b050, 0x0000013efd40bed0, 0x0000013efe6e8010, 0x0000013efe6ee120,
0x0000013efe6eeb20, 0x0000013efe6f7cf0, 0x0000013efe7e8ff0, 0x0000013efea3d970,
0x0000013e93019ad0, 0x0000013e931577d0
}

Java Threads: ( => current thread )
  0x0000013ef856eb40 JavaThread "main" [_thread_in_vm, id=6808, stack(0x0000002509a00000,0x0000002509b00000)]
  0x0000013ef862c2d0 JavaThread "Reference Handler" daemon [_thread_blocked, id=8048, stack(0x0000002509d00000,0x0000002509e00000)]
  0x0000013efe6b6140 JavaThread "Finalizer" daemon [_thread_blocked, id=14676, stack(0x0000002509e00000,0x0000002509f00000)]
  0x0000013efd40a1d0 JavaThread "Signal Dispatcher" daemon [_thread_blocked, id=12992, stack(0x0000002509f00000,0x000000250a000000)]
  0x0000013efd40b050 JavaThread "Attach Listener" daemon [_thread_blocked, id=2040, stack(0x000000250a000000,0x000000250a100000)]
  0x0000013efd40bed0 JavaThread "Service Thread" daemon [_thread_blocked, id=9272, stack(0x000000250a100000,0x000000250a200000)]
  0x0000013efe6e8010 JavaThread "Monitor Deflation Thread" daemon [_thread_blocked, id=12380, stack(0x000000250a200000,0x000000250a300000)]
  0x0000013efe6ee120 JavaThread "C2 CompilerThread0" daemon [_thread_blocked, id=9768, stack(0x000000250a300000,0x000000250a400000)]
  0x0000013efe6eeb20 JavaThread "C1 CompilerThread0" daemon [_thread_blocked, id=5768, stack(0x000000250a400000,0x000000250a500000)]
  0x0000013efe6f7cf0 JavaThread "Sweeper thread" daemon [_thread_blocked, id=14660, stack(0x000000250a500000,0x000000250a600000)]
  0x0000013efe7e8ff0 JavaThread "Common-Cleaner" daemon [_thread_blocked, id=3352, stack(0x000000250a600000,0x000000250a700000)]
  0x0000013efea3d970 JavaThread "Notification Thread" daemon [_thread_blocked, id=14524, stack(0x000000250a700000,0x000000250a800000)]
  0x0000013e93019ad0 JavaThread "C2 CompilerThread1" daemon [_thread_blocked, id=14812, stack(0x000000250a900000,0x000000250aa00000)]
=>0x0000013e931577d0 JavaThread "C2 CompilerThread2" daemon [_thread_in_native, id=8952, stack(0x000000250aa00000,0x000000250ab00000)]

Other Threads:
  0x0000013efe6a2ee0 VMThread "VM Thread" [stack: 0x0000002509c00000,0x0000002509d00000] [id=14684]
  0x0000013efea3e980 WatcherThread [stack: 0x000000250a800000,0x000000250a900000] [id=13048]
  0x0000013ef8584e70 GCTaskThread "GC Thread#0" [stack: 0x0000002509b00000,0x0000002509c00000] [id=2332]

Threads with active compile tasks:
C2 CompilerThread2      762  703   !   4       java.util.jar.Attributes::read (498 bytes)

VM state: not at safepoint (normal execution)

VM Mutex/Monitor currently owned by a thread: None

Heap address: 0x00000000c0000000, size: 1024 MB, Compressed Oops mode: 32-bit

CDS archive(s) not mapped
Compressed class space mapped at: 0x0000000100000000-0x0000000140000000, reserved size: 1073741824
Narrow klass base: 0x0000000000000000, Narrow klass shift: 3, Narrow klass range: 0x140000000

GC Precious Log:
 CPUs: 12 total, 12 available
 Memory: 16328M
 Large Page Support: Disabled
 NUMA Support: Disabled
 Compressed Oops: Enabled (32-bit)
 Alignments: Space 512K, Generation 512K, Heap 2M
 Heap Min Capacity: 100M
 Heap Initial Capacity: 100M
 Heap Max Capacity: 1G
 Pre-touch: Disabled
 Parallel Workers: 10

Heap:
 PSYoungGen      total 29696K, used 18448K [0x00000000eab00000, 0x00000000ecc00000, 0x0000000100000000)
  eden space 25600K, 72% used [0x00000000eab00000,0x00000000ebd04070,0x00000000ec400000)
  from space 4096K, 0% used [0x00000000ec800000,0x00000000ec800000,0x00000000ecc00000)
  to   space 4096K, 0% used [0x00000000ec400000,0x00000000ec400000,0x00000000ec800000)
 ParOldGen       total 68608K, used 0K [0x00000000c0000000, 0x00000000c4300000, 0x00000000eab00000)
  object space 68608K, 0% used [0x00000000c0000000,0x00000000c0000000,0x00000000c4300000)
 Metaspace       used 9621K, committed 9792K, reserved 1114112K
  class space    used 960K, committed 1024K, reserved 1048576K

Card table byte_map: [0x0000013ef7f10000,0x0000013ef8120000] _byte_map_base: 0x0000013ef7910000

Marking Bits: (ParMarkBitMap*) 0x00007ffbd506d7d0
 Begin Bits: [0x0000013efb210000, 0x0000013efc210000)
 End Bits:   [0x0000013efc210000, 0x0000013efd210000)

Polling page: 0x0000013ef63d0000

Metaspace:

Usage:
  Non-class:      8.46 MB used.
      Class:    960.84 KB used.
       Both:      9.40 MB used.

Virtual space:
  Non-class space:       64.00 MB reserved,       8.56 MB ( 13%) committed,  1 nodes.
      Class space:        1.00 GB reserved,       1.00 MB ( <1%) committed,  1 nodes.
             Both:        1.06 GB reserved,       9.56 MB ( <1%) committed. 

Chunk freelists:
   Non-Class:  6.78 MB
       Class:  15.00 MB
        Both:  21.78 MB

MaxMetaspaceSize: unlimited
CompressedClassSpaceSize: 1.00 GB
Initial GC threshold: 21.00 MB
Current GC threshold: 21.00 MB
CDS: off
MetaspaceReclaimPolicy: balanced
 - commit_granule_bytes: 65536.
 - commit_granule_words: 8192.
 - virtual_space_node_default_size: 8388608.
 - enlarge_chunks_in_place: 1.
 - new_chunks_are_fully_committed: 0.
 - uncommit_free_chunks: 1.
 - use_allocation_guard: 0.
 - handle_deallocations: 1.


Internal statistics:

num_allocs_failed_limit: 0.
num_arena_births: 14.
num_arena_deaths: 0.
num_vsnodes_births: 2.
num_vsnodes_deaths: 0.
num_space_committed: 153.
num_space_uncommitted: 0.
num_chunks_returned_to_freelist: 0.
num_chunks_taken_from_freelist: 64.
num_chunk_merges: 0.
num_chunk_splits: 36.
num_chunks_enlarged: 29.
num_inconsistent_stats: 0.

CodeHeap 'non-profiled nmethods': size=120000Kb used=329Kb max_used=329Kb free=119670Kb
 bounds [0x0000013e87ad0000, 0x0000013e87d40000, 0x0000013e8f000000]
CodeHeap 'profiled nmethods': size=120000Kb used=1261Kb max_used=1261Kb free=118739Kb
 bounds [0x0000013e80000000, 0x0000013e80270000, 0x0000013e87530000]
CodeHeap 'non-nmethods': size=5760Kb used=1135Kb max_used=1165Kb free=4624Kb
 bounds [0x0000013e87530000, 0x0000013e877a0000, 0x0000013e87ad0000]
 total_blobs=1189 nmethods=764 adapters=340
 compilation: enabled
              stopped_count=0, restarted_count=0
 full_count=0

Compilation events (20 events):
Event: 0.729 Thread 0x0000013efe6eeb20  740  s    3       java.util.Hashtable::put (104 bytes)
Event: 0.730 Thread 0x0000013efe6eeb20 nmethod 740 0x0000013e8012e490 code [0x0000013e8012e6a0, 0x0000013e8012ed58]
Event: 0.730 Thread 0x0000013efe6eeb20  741       3       java.util.Hashtable::addEntry (87 bytes)
Event: 0.730 Thread 0x0000013efe6eeb20 nmethod 741 0x0000013e8012ef90 code [0x0000013e8012f160, 0x0000013e8012f778]
Event: 0.730 Thread 0x0000013efe6eeb20  742       3       java.util.Hashtable$Entry::<init> (26 bytes)
Event: 0.730 Thread 0x0000013efe6eeb20 nmethod 742 0x0000013e8012fa10 code [0x0000013e8012fba0, 0x0000013e8012fd58]
Event: 0.730 Thread 0x0000013efe6eeb20  743       3       sun.security.util.SignatureFileVerifier::updateSigners (132 bytes)
Event: 0.731 Thread 0x0000013efe6eeb20 nmethod 743 0x0000013e8012fe10 code [0x0000013e801300c0, 0x0000013e80131018]
Event: 0.731 Thread 0x0000013efe6eeb20  744       3       sun.security.util.SignatureFileVerifier::matches (93 bytes)
Event: 0.732 Thread 0x0000013e93019ad0 nmethod 735% 0x0000013e87b1d710 code [0x0000013e87b1d8a0, 0x0000013e87b1e098]
Event: 0.732 Thread 0x0000013efe6eeb20 nmethod 744 0x0000013e80131690 code [0x0000013e801318c0, 0x0000013e80132178]
Event: 0.739 Thread 0x0000013efe6eeb20  745       3       jdk.internal.reflect.ClassFileAssembler::emitByte (11 bytes)
Event: 0.739 Thread 0x0000013efe6eeb20 nmethod 745 0x0000013e80132490 code [0x0000013e80132640, 0x0000013e801327c8]
Event: 0.739 Thread 0x0000013efe6eeb20  746       3       jdk.internal.reflect.ByteVectorImpl::add (38 bytes)
Event: 0.739 Thread 0x0000013efe6eeb20 nmethod 746 0x0000013e80132910 code [0x0000013e80132ac0, 0x0000013e80132c88]
Event: 0.740 Thread 0x0000013efe6eeb20  747       3       lombok.eclipse.agent.EclipsePatcher$1::shouldTransform (93 bytes)
Event: 0.740 Thread 0x0000013e93019ad0  748       4       java.lang.AbstractStringBuilder::putStringAt (12 bytes)
Event: 0.741 Thread 0x0000013efe6eeb20 nmethod 747 0x0000013e80132d90 code [0x0000013e801330e0, 0x0000013e801345f8]
Event: 0.742 Thread 0x0000013e93019ad0 nmethod 748 0x0000013e87b1e310 code [0x0000013e87b1e4a0, 0x0000013e87b1e638]
Event: 0.742 Thread 0x0000013e93019ad0  749       4       java.lang.AbstractStringBuilder::putStringAt (34 bytes)

GC Heap History (0 events):
No events

Dll operation events (8 events):
Event: 0.011 Loaded shared library c:\Users\simon\.vscode\extensions\redhat.java-1.30.0-win32-x64\jre\17.0.10-win32-x86_64\bin\java.dll
Event: 0.196 Loaded shared library c:\Users\simon\.vscode\extensions\redhat.java-1.30.0-win32-x64\jre\17.0.10-win32-x86_64\bin\zip.dll
Event: 0.200 Loaded shared library C:\Users\simon\.vscode\extensions\redhat.java-1.30.0-win32-x64\jre\17.0.10-win32-x86_64\bin\instrument.dll
Event: 0.219 Loaded shared library C:\Users\simon\.vscode\extensions\redhat.java-1.30.0-win32-x64\jre\17.0.10-win32-x86_64\bin\net.dll
Event: 0.222 Loaded shared library C:\Users\simon\.vscode\extensions\redhat.java-1.30.0-win32-x64\jre\17.0.10-win32-x86_64\bin\nio.dll
Event: 0.232 Loaded shared library C:\Users\simon\.vscode\extensions\redhat.java-1.30.0-win32-x64\jre\17.0.10-win32-x86_64\bin\zip.dll
Event: 0.251 Loaded shared library C:\Users\simon\.vscode\extensions\redhat.java-1.30.0-win32-x64\jre\17.0.10-win32-x86_64\bin\jimage.dll
Event: 0.324 Loaded shared library c:\Users\simon\.vscode\extensions\redhat.java-1.30.0-win32-x64\jre\17.0.10-win32-x86_64\bin\verify.dll

Deoptimization events (20 events):
Event: 0.731 Thread 0x0000013ef856eb40 DEOPT PACKING pc=0x0000013e800dd15a sp=0x0000002509afec10
Event: 0.731 Thread 0x0000013ef856eb40 DEOPT UNPACKING pc=0x0000013e87586e43 sp=0x0000002509afe068 mode 0
Event: 0.731 Thread 0x0000013ef856eb40 DEOPT PACKING pc=0x0000013e800dd15a sp=0x0000002509afec10
Event: 0.731 Thread 0x0000013ef856eb40 DEOPT UNPACKING pc=0x0000013e87586e43 sp=0x0000002509afe068 mode 0
Event: 0.731 Thread 0x0000013ef856eb40 DEOPT PACKING pc=0x0000013e800dd15a sp=0x0000002509afec10
Event: 0.731 Thread 0x0000013ef856eb40 DEOPT UNPACKING pc=0x0000013e87586e43 sp=0x0000002509afe068 mode 0
Event: 0.731 Thread 0x0000013ef856eb40 DEOPT PACKING pc=0x0000013e800dd232 sp=0x0000002509afec10
Event: 0.731 Thread 0x0000013ef856eb40 DEOPT UNPACKING pc=0x0000013e87586e43 sp=0x0000002509afe068 mode 0
Event: 0.732 Thread 0x0000013ef856eb40 DEOPT PACKING pc=0x0000013e800dd232 sp=0x0000002509afec10
Event: 0.732 Thread 0x0000013ef856eb40 DEOPT UNPACKING pc=0x0000013e87586e43 sp=0x0000002509afe068 mode 0
Event: 0.732 Thread 0x0000013ef856eb40 DEOPT PACKING pc=0x0000013e800dd232 sp=0x0000002509afec10
Event: 0.732 Thread 0x0000013ef856eb40 DEOPT UNPACKING pc=0x0000013e87586e43 sp=0x0000002509afe068 mode 0
Event: 0.732 Thread 0x0000013ef856eb40 DEOPT PACKING pc=0x0000013e800dd232 sp=0x0000002509afec10
Event: 0.732 Thread 0x0000013ef856eb40 DEOPT UNPACKING pc=0x0000013e87586e43 sp=0x0000002509afe068 mode 0
Event: 0.732 Thread 0x0000013ef856eb40 DEOPT PACKING pc=0x0000013e800dd15a sp=0x0000002509afec10
Event: 0.732 Thread 0x0000013ef856eb40 DEOPT UNPACKING pc=0x0000013e87586e43 sp=0x0000002509afe068 mode 0
Event: 0.732 Thread 0x0000013ef856eb40 DEOPT PACKING pc=0x0000013e800dd15a sp=0x0000002509afec10
Event: 0.732 Thread 0x0000013ef856eb40 DEOPT UNPACKING pc=0x0000013e87586e43 sp=0x0000002509afe068 mode 0
Event: 0.742 Thread 0x0000013ef856eb40 DEOPT PACKING pc=0x0000013e800dd15a sp=0x0000002509afac60
Event: 0.742 Thread 0x0000013ef856eb40 DEOPT UNPACKING pc=0x0000013e87586e43 sp=0x0000002509afa0b8 mode 0

Classes unloaded (0 events):
No events

Classes redefined (0 events):
No events

Internal exceptions (10 events):
Event: 0.165 Thread 0x0000013ef856eb40 Exception <a 'java/lang/NoSuchMethodError'{0x00000000eacb4d38}: 'void java.lang.invoke.DirectMethodHandle$Holder.invokeStatic(java.lang.Object, java.lang.Object, java.lang.Object)'> (0x00000000eacb4d38) 
thrown [s\src\hotspot\share\interpreter\linkResolver.cpp, line 759]
Event: 0.346 Thread 0x0000013ef856eb40 Exception <a 'java/lang/reflect/InvocationTargetException'{0x00000000eafe7c00}> (0x00000000eafe7c00) 
thrown [s\src\hotspot\share\runtime\reflection.cpp, line 1121]
Event: 0.637 Thread 0x0000013ef856eb40 Exception <a 'java/lang/ClassNotFoundException'{0x00000000eb8577b0}: sun/net/www/protocol/c/Handler> (0x00000000eb8577b0) 
thrown [s\src\hotspot\share\classfile\systemDictionary.cpp, line 256]
Event: 0.641 Thread 0x0000013ef856eb40 Exception <a 'java/io/FileNotFoundException'{0x00000000eb86f398}> (0x00000000eb86f398) 
thrown [s\src\hotspot\share\prims\jni.cpp, line 516]
Event: 0.641 Thread 0x0000013ef856eb40 Exception <a 'java/io/FileNotFoundException'{0x00000000eb8700e0}> (0x00000000eb8700e0) 
thrown [s\src\hotspot\share\prims\jni.cpp, line 516]
Event: 0.642 Thread 0x0000013ef856eb40 Exception <a 'java/io/FileNotFoundException'{0x00000000eb870e08}> (0x00000000eb870e08) 
thrown [s\src\hotspot\share\prims\jni.cpp, line 516]
Event: 0.642 Thread 0x0000013ef856eb40 Exception <a 'java/io/FileNotFoundException'{0x00000000eb871b00}> (0x00000000eb871b00) 
thrown [s\src\hotspot\share\prims\jni.cpp, line 516]
Event: 0.651 Thread 0x0000013ef856eb40 Implicit null exception at 0x0000013e87af2df2 to 0x0000013e87af3310
Event: 0.651 Thread 0x0000013ef856eb40 Implicit null exception at 0x0000013e87af3972 to 0x0000013e87af3ea0
Event: 0.655 Thread 0x0000013ef856eb40 Exception <a 'java/io/FileNotFoundException'{0x00000000eb8ac418}> (0x00000000eb8ac418) 
thrown [s\src\hotspot\share\prims\jni.cpp, line 516]

VM Operations (8 events):
Event: 0.171 Executing VM operation: HandshakeAllThreads
Event: 0.171 Executing VM operation: HandshakeAllThreads done
Event: 0.274 Executing VM operation: HandshakeAllThreads
Event: 0.274 Executing VM operation: HandshakeAllThreads done
Event: 0.613 Executing VM operation: HandshakeAllThreads
Event: 0.613 Executing VM operation: HandshakeAllThreads done
Event: 0.629 Executing VM operation: HandshakeAllThreads
Event: 0.629 Executing VM operation: HandshakeAllThreads done

Events (20 events):
Event: 0.738 loading class jdk/internal/reflect/ByteVector done
Event: 0.738 loading class jdk/internal/reflect/ByteVectorImpl done
Event: 0.738 loading class jdk/internal/reflect/ClassFileAssembler
Event: 0.738 loading class jdk/internal/reflect/ClassFileAssembler done
Event: 0.739 loading class jdk/internal/reflect/UTF8
Event: 0.739 loading class jdk/internal/reflect/UTF8 done
Event: 0.739 loading class jdk/internal/reflect/Label
Event: 0.739 loading class jdk/internal/reflect/Label done
Event: 0.739 loading class jdk/internal/reflect/Label$PatchInfo
Event: 0.739 loading class jdk/internal/reflect/Label$PatchInfo done
Event: 0.740 loading class jdk/internal/reflect/MethodAccessorGenerator$1
Event: 0.740 loading class jdk/internal/reflect/MethodAccessorGenerator$1 done
Event: 0.740 loading class jdk/internal/reflect/ClassDefiner
Event: 0.740 loading class jdk/internal/reflect/ClassDefiner done
Event: 0.740 loading class jdk/internal/reflect/ClassDefiner$1
Event: 0.740 loading class jdk/internal/reflect/ClassDefiner$1 done
Event: 0.740 loading class jdk/internal/reflect/BootstrapConstructorAccessorImpl
Event: 0.740 loading class jdk/internal/reflect/BootstrapConstructorAccessorImpl done
Event: 0.742 loading class java/util/EventListener
Event: 0.742 loading class java/util/EventListener done


Dynamic libraries:
0x00007ff619350000 - 0x00007ff61935e000 	c:\Users\simon\.vscode\extensions\redhat.java-1.30.0-win32-x64\jre\17.0.10-win32-x86_64\bin\java.exe
0x00007ffc4b730000 - 0x00007ffc4b928000 	C:\Windows\SYSTEM32\ntdll.dll
0x00007ffc4aa30000 - 0x00007ffc4aaed000 	C:\Windows\System32\KERNEL32.DLL
0x00007ffc48e10000 - 0x00007ffc49106000 	C:\Windows\System32\KERNELBASE.dll
0x00007ffc49110000 - 0x00007ffc49210000 	C:\Windows\System32\ucrtbase.dll
0x00007ffc2ba60000 - 0x00007ffc2ba77000 	c:\Users\simon\.vscode\extensions\redhat.java-1.30.0-win32-x64\jre\17.0.10-win32-x86_64\bin\jli.dll
0x00007ffc2bac0000 - 0x00007ffc2badb000 	c:\Users\simon\.vscode\extensions\redhat.java-1.30.0-win32-x64\jre\17.0.10-win32-x86_64\bin\VCRUNTIME140.dll
0x00007ffc4b510000 - 0x00007ffc4b6af000 	C:\Windows\System32\USER32.dll
0x00007ffc48de0000 - 0x00007ffc48e02000 	C:\Windows\System32\win32u.dll
0x00007ffc32b40000 - 0x00007ffc32dda000 	C:\Windows\WinSxS\amd64_microsoft.windows.common-controls_6595b64144ccf1df_6.0.19041.4355_none_60b8b9eb71f62e16\COMCTL32.dll
0x00007ffc49e20000 - 0x00007ffc49e4b000 	C:\Windows\System32\GDI32.dll
0x00007ffc494a0000 - 0x00007ffc495b7000 	C:\Windows\System32\gdi32full.dll
0x00007ffc49910000 - 0x00007ffc499ae000 	C:\Windows\System32\msvcrt.dll
0x00007ffc49610000 - 0x00007ffc496ad000 	C:\Windows\System32\msvcp_win.dll
0x00007ffc4b6b0000 - 0x00007ffc4b6e2000 	C:\Windows\System32\IMM32.DLL
0x00007ffc31340000 - 0x00007ffc3134c000 	c:\Users\simon\.vscode\extensions\redhat.java-1.30.0-win32-x64\jre\17.0.10-win32-x86_64\bin\vcruntime140_1.dll
0x00007ffbe7580000 - 0x00007ffbe760d000 	c:\Users\simon\.vscode\extensions\redhat.java-1.30.0-win32-x64\jre\17.0.10-win32-x86_64\bin\msvcp140.dll
0x00007ffbd44d0000 - 0x00007ffbd5132000 	c:\Users\simon\.vscode\extensions\redhat.java-1.30.0-win32-x64\jre\17.0.10-win32-x86_64\bin\server\jvm.dll
0x00007ffc49a10000 - 0x00007ffc49ac0000 	C:\Windows\System32\ADVAPI32.dll
0x00007ffc4b460000 - 0x00007ffc4b500000 	C:\Windows\System32\sechost.dll
0x00007ffc4a660000 - 0x00007ffc4a783000 	C:\Windows\System32\RPCRT4.dll
0x00007ffc49470000 - 0x00007ffc49497000 	C:\Windows\System32\bcrypt.dll
0x00007ffc48960000 - 0x00007ffc489ab000 	C:\Windows\SYSTEM32\POWRPROF.dll
0x00007ffc41d00000 - 0x00007ffc41d09000 	C:\Windows\SYSTEM32\WSOCK32.dll
0x00007ffc3efb0000 - 0x00007ffc3efd7000 	C:\Windows\SYSTEM32\WINMM.dll
0x00007ffc4a5e0000 - 0x00007ffc4a64b000 	C:\Windows\System32\WS2_32.dll
0x00007ffc423b0000 - 0x00007ffc423ba000 	C:\Windows\SYSTEM32\VERSION.dll
0x00007ffc48920000 - 0x00007ffc48932000 	C:\Windows\SYSTEM32\UMPDC.dll
0x00007ffc46c80000 - 0x00007ffc46c92000 	C:\Windows\SYSTEM32\kernel.appcore.dll
0x00007ffc2e2b0000 - 0x00007ffc2e2ba000 	c:\Users\simon\.vscode\extensions\redhat.java-1.30.0-win32-x64\jre\17.0.10-win32-x86_64\bin\jimage.dll
0x00007ffc42160000 - 0x00007ffc42344000 	C:\Windows\SYSTEM32\DBGHELP.DLL
0x00007ffc39510000 - 0x00007ffc39544000 	C:\Windows\SYSTEM32\dbgcore.DLL
0x00007ffc493e0000 - 0x00007ffc49462000 	C:\Windows\System32\bcryptPrimitives.dll
0x00007ffc2ddb0000 - 0x00007ffc2ddbe000 	c:\Users\simon\.vscode\extensions\redhat.java-1.30.0-win32-x64\jre\17.0.10-win32-x86_64\bin\instrument.dll
0x00007ffc28b70000 - 0x00007ffc28b95000 	c:\Users\simon\.vscode\extensions\redhat.java-1.30.0-win32-x64\jre\17.0.10-win32-x86_64\bin\java.dll
0x00007ffc2b4f0000 - 0x00007ffc2b508000 	c:\Users\simon\.vscode\extensions\redhat.java-1.30.0-win32-x64\jre\17.0.10-win32-x86_64\bin\zip.dll
0x00007ffc4aaf0000 - 0x00007ffc4b25b000 	C:\Windows\System32\SHELL32.dll
0x00007ffc46e80000 - 0x00007ffc4761d000 	C:\Windows\SYSTEM32\windows.storage.dll
0x00007ffc49ac0000 - 0x00007ffc49e13000 	C:\Windows\System32\combase.dll
0x00007ffc48790000 - 0x00007ffc487be000 	C:\Windows\SYSTEM32\Wldp.dll
0x00007ffc49f40000 - 0x00007ffc4a00d000 	C:\Windows\System32\OLEAUT32.dll
0x00007ffc4a8c0000 - 0x00007ffc4a96d000 	C:\Windows\System32\SHCORE.dll
0x00007ffc4a560000 - 0x00007ffc4a5b5000 	C:\Windows\System32\shlwapi.dll
0x00007ffc48d10000 - 0x00007ffc48d34000 	C:\Windows\SYSTEM32\profapi.dll
0x00007ffc2b0e0000 - 0x00007ffc2b0f9000 	C:\Users\simon\.vscode\extensions\redhat.java-1.30.0-win32-x64\jre\17.0.10-win32-x86_64\bin\net.dll
0x00007ffc3f2d0000 - 0x00007ffc3f3da000 	C:\Windows\SYSTEM32\WINHTTP.dll
0x00007ffc48490000 - 0x00007ffc484fa000 	C:\Windows\system32\mswsock.dll
0x00007ffc293f0000 - 0x00007ffc29406000 	C:\Users\simon\.vscode\extensions\redhat.java-1.30.0-win32-x64\jre\17.0.10-win32-x86_64\bin\nio.dll
0x00007ffc2dc90000 - 0x00007ffc2dca0000 	c:\Users\simon\.vscode\extensions\redhat.java-1.30.0-win32-x64\jre\17.0.10-win32-x86_64\bin\verify.dll

dbghelp: loaded successfully - version: 4.0.5 - missing functions: none
symbol engine: initialized successfully - sym options: 0x614 - pdb path: .;c:\Users\simon\.vscode\extensions\redhat.java-1.30.0-win32-x64\jre\17.0.10-win32-x86_64\bin;C:\Windows\SYSTEM32;C:\Windows\WinSxS\amd64_microsoft.windows.common-controls_6595b64144ccf1df_6.0.19041.4355_none_60b8b9eb71f62e16;c:\Users\simon\.vscode\extensions\redhat.java-1.30.0-win32-x64\jre\17.0.10-win32-x86_64\bin\server

VM Arguments:
jvm_args: --add-modules=ALL-SYSTEM --add-opens=java.base/java.util=ALL-UNNAMED --add-opens=java.base/java.lang=ALL-UNNAMED --add-opens=java.base/sun.nio.fs=ALL-UNNAMED -Declipse.application=org.eclipse.jdt.ls.core.id1 -Dosgi.bundles.defaultStartLevel=4 -Declipse.product=org.eclipse.jdt.ls.core.product -Djava.import.generatesMetadataFilesAtProjectRoot=false -DDetectVMInstallationsJob.disabled=true -Dfile.encoding=utf8 -XX:+UseParallelGC -XX:GCTimeRatio=4 -XX:AdaptiveSizePolicyWeight=90 -Dsun.zip.disableMemoryMapping=true -Xmx1G -Xms100m -Xlog:disable -javaagent:c:\Users\simon\.vscode\extensions\redhat.java-1.30.0-win32-x64\lombok\lombok-1.18.32.jar 
java_command: c:\Users\simon\.vscode\extensions\redhat.java-1.30.0-win32-x64\server\plugins\org.eclipse.equinox.launcher_1.6.800.v20240330-1250.jar -configuration c:\Users\simon\AppData\Roaming\Code\User\globalStorage\redhat.java\1.30.0\config_ss_win -data c:\Users\simon\AppData\Roaming\Code\User\workspaceStorage\3d9e6cdcef6d0f27c540bbb65f91aac9\redhat.java\ss_ws --pipe=\\.\pipe\lsp-e09f3574d6ac2f5428fba4cdf192c828-sock
java_class_path (initial): c:\Users\simon\.vscode\extensions\redhat.java-1.30.0-win32-x64\server\plugins\org.eclipse.equinox.launcher_1.6.800.v20240330-1250.jar
Launcher Type: SUN_STANDARD

[Global flags]
    uintx AdaptiveSizePolicyWeight                 = 90                                        {product} {command line}
     intx CICompilerCount                          = 4                                         {product} {ergonomic}
    uintx GCTimeRatio                              = 4                                         {product} {command line}
   size_t InitialHeapSize                          = 104857600                                 {product} {command line}
   size_t MaxHeapSize                              = 1073741824                                {product} {command line}
   size_t MaxNewSize                               = 357564416                                 {product} {ergonomic}
   size_t MinHeapDeltaBytes                        = 524288                                    {product} {ergonomic}
   size_t MinHeapSize                              = 104857600                                 {product} {command line}
   size_t NewSize                                  = 34603008                                  {product} {ergonomic}
    uintx NonNMethodCodeHeapSize                   = 5839372                                {pd product} {ergonomic}
    uintx NonProfiledCodeHeapSize                  = 122909434                              {pd product} {ergonomic}
   size_t OldSize                                  = 70254592                                  {product} {ergonomic}
    uintx ProfiledCodeHeapSize                     = 122909434                              {pd product} {ergonomic}
    uintx ReservedCodeCacheSize                    = 251658240                              {pd product} {ergonomic}
     bool SegmentedCodeCache                       = true                                      {product} {ergonomic}
   size_t SoftMaxHeapSize                          = 1073741824                             {manageable} {ergonomic}
     bool UseCompressedClassPointers               = true                           {product lp64_product} {ergonomic}
     bool UseCompressedOops                        = true                           {product lp64_product} {ergonomic}
     bool UseLargePagesIndividualAllocation        = false                                  {pd product} {ergonomic}
     bool UseParallelGC                            = true                                      {product} {command line}

Logging:
Log output configuration:
 #0: stdout all=off uptime,level,tags
 #1: stderr all=off uptime,level,tags

Environment Variables:
PATH=C:\Program Files\Common Files\Oracle\Java\javapath;C:\Program Files (x86)\Common Files\Oracle\Java\javapath;C:\Windows\system32;C:\Windows;C:\Windows\System32\Wbem;C:\Windows\System32\WindowsPowerShell\v1.0\;C:\Windows\System32\OpenSSH\;C:\Program Files\dotnet\;C:\Program Files\Java\jdk-21\bin;C:\Users\simon\AppData\Local\Microsoft\WindowsApps;C:\Users\simon\AppData\Local\Programs\Microsoft VS Code\bin
USERNAME=simon
OS=Windows_NT
PROCESSOR_IDENTIFIER=AMD64 Family 23 Model 1 Stepping 1, AuthenticAMD
TMP=C:\Users\simon\AppData\Local\Temp
TEMP=C:\Users\simon\AppData\Local\Temp



Periodic native trim disabled


---------------  S Y S T E M  ---------------

OS:
 Windows 10 , 64 bit Build 19041 (10.0.19041.3636)
OS uptime: 0 days 8:26 hours

CPU: total 12 (initial active 12) (12 cores per cpu, 2 threads per core) family 23 model 1 stepping 1 microcode 0x0, cx8, cmov, fxsr, ht, mmx, 3dnowpref, sse, sse2, sse3, ssse3, sse4a, sse4.1, sse4.2, popcnt, lzcnt, tsc, tscinvbit, avx, avx2, aes, clmul, bmi1, bmi2, adx, sha, fma, vzeroupper, clflush, clflushopt
Processor Information for all 12 processors :
  Max Mhz: 3200, Current Mhz: 3200, Mhz Limit: 3200

Memory: 4k page, system-wide physical 16328M (7301M free)
TotalPageFile size 31511M (AvailPageFile size 215M)
current process WorkingSet (physical memory assigned to process): 63M, peak: 63M
current process commit charge ("private bytes"): 205M, peak: 205M

vm_info: OpenJDK 64-Bit Server VM (17.0.10+7) for windows-amd64 JRE (17.0.10+7), built on Jan 16 2024 23:25:11 by "admin" with MS VC++ 16.10 / 16.11 (VS2019)

END.
